Compiled animate.css  (0ms)  (pid 19476)
Compiled anuncios.css  (81ms)  (pid 19476)
Compiled app.css  (0ms)  (pid 19476)
Compiled bootstrap-responsive.css  (0ms)  (pid 19476)
Compiled bootstrap.css  (1ms)  (pid 19476)
Compiled prettyCheckable.css  (0ms)  (pid 19476)
Compiled scaffolds.css  (26ms)  (pid 19476)
Compiled sessions.css  (2ms)  (pid 19476)
Compiled style.css  (0ms)  (pid 19476)
Compiled users.css  (2ms)  (pid 19476)
Compiled application.css  (249ms)  (pid 19476)
Compiled animate.css  (0ms)  (pid 19485)
Compiled anuncios.css  (32ms)  (pid 19485)
Compiled app.css  (0ms)  (pid 19485)
Compiled bootstrap-responsive.css  (0ms)  (pid 19485)
Compiled bootstrap.css  (1ms)  (pid 19485)
Compiled prettyCheckable.css  (0ms)  (pid 19485)
Compiled scaffolds.css  (27ms)  (pid 19485)
Compiled sessions.css  (2ms)  (pid 19485)
Compiled style.css  (0ms)  (pid 19485)
Compiled users.css  (2ms)  (pid 19485)
Compiled application.css  (198ms)  (pid 19485)
Compiled animate.css  (0ms)  (pid 19498)
Compiled anuncios.css  (10ms)  (pid 19498)
Compiled app.css  (0ms)  (pid 19498)
Compiled bootstrap-responsive.css  (0ms)  (pid 19498)
Compiled bootstrap.css  (1ms)  (pid 19498)
Compiled prettyCheckable.css  (0ms)  (pid 19498)
Compiled scaffolds.css  (26ms)  (pid 19498)
Compiled sessions.css  (2ms)  (pid 19498)
Compiled style.css  (0ms)  (pid 19498)
Compiled users.css  (1ms)  (pid 19498)
Compiled application.css  (202ms)  (pid 19498)
Compiled animate.css  (0ms)  (pid 19521)
Compiled anuncios.css  (11ms)  (pid 19521)
Compiled app.css  (0ms)  (pid 19521)
Compiled bootstrap-responsive.css  (0ms)  (pid 19521)
Compiled bootstrap.css  (1ms)  (pid 19521)
Compiled prettyCheckable.css  (0ms)  (pid 19521)
Compiled scaffolds.css  (32ms)  (pid 19521)
Compiled sessions.css  (2ms)  (pid 19521)
Compiled style.css  (0ms)  (pid 19521)
Compiled users.css  (1ms)  (pid 19521)
Compiled application.css  (205ms)  (pid 19521)
Compiled jquery.js  (3ms)  (pid 19545)
Compiled jquery_ujs.js  (1ms)  (pid 19545)
Compiled anuncios.js  (171ms)  (pid 19545)
Compiled sessions.js  (147ms)  (pid 19545)
Compiled users.js  (149ms)  (pid 19545)
Compiled application.js  (587ms)  (pid 19545)
Compiled animate.css  (0ms)  (pid 19545)
Compiled anuncios.css  (15ms)  (pid 19545)
Compiled app.css  (0ms)  (pid 19545)
Compiled bootstrap-responsive.css  (0ms)  (pid 19545)
Compiled bootstrap.css  (1ms)  (pid 19545)
Compiled prettyCheckable.css  (0ms)  (pid 19545)
Compiled scaffolds.css  (1ms)  (pid 19545)
Compiled sessions.css  (1ms)  (pid 19545)
Compiled style.css  (0ms)  (pid 19545)
Compiled users.css  (1ms)  (pid 19545)
Compiled application.css  (113ms)  (pid 19545)
Compiled jquery.js  (3ms)  (pid 19563)
Compiled jquery_ujs.js  (0ms)  (pid 19563)
Compiled anuncios.js  (161ms)  (pid 19563)
Compiled sessions.js  (134ms)  (pid 19563)
Compiled users.js  (133ms)  (pid 19563)
Compiled application.js  (552ms)  (pid 19563)
Compiled animate.css  (0ms)  (pid 19563)
Compiled anuncios.css  (14ms)  (pid 19563)
Compiled app.css  (0ms)  (pid 19563)
Compiled bootstrap-responsive.css  (0ms)  (pid 19563)
Compiled bootstrap.css  (1ms)  (pid 19563)
Compiled prettyCheckable.css  (0ms)  (pid 19563)
Compiled scaffolds.css  (2ms)  (pid 19563)
Compiled sessions.css  (1ms)  (pid 19563)
Compiled style.css  (0ms)  (pid 19563)
Compiled users.css  (2ms)  (pid 19563)
Compiled application.css  (170ms)  (pid 19563)
Compiled jquery.js  (3ms)  (pid 19563)
Compiled jquery_ujs.js  (0ms)  (pid 19563)
Compiled anuncios.js  (171ms)  (pid 19563)
Compiled sessions.js  (149ms)  (pid 19563)
Compiled users.js  (181ms)  (pid 19563)
Compiled application.js  (591ms)  (pid 19563)
Compiled animate.css  (0ms)  (pid 19563)
Compiled anuncios.css  (14ms)  (pid 19563)
Compiled app.css  (0ms)  (pid 19563)
Compiled bootstrap-responsive.css  (0ms)  (pid 19563)
Compiled bootstrap.css  (1ms)  (pid 19563)
Compiled prettyCheckable.css  (1ms)  (pid 19563)
Compiled scaffolds.css  (2ms)  (pid 19563)
Compiled sessions.css  (2ms)  (pid 19563)
Compiled style.css  (0ms)  (pid 19563)
Compiled users.css  (3ms)  (pid 19563)
Compiled application.css  (176ms)  (pid 19563)
Compiled jquery.js  (3ms)  (pid 21540)
Compiled jquery_ujs.js  (0ms)  (pid 21540)
Compiled anuncios.js  (1320ms)  (pid 21540)
Compiled bootstrap-alert.js  (2ms)  (pid 21540)
Compiled bootstrap-button.js  (0ms)  (pid 21540)
Compiled bootstrap-carousel.js  (0ms)  (pid 21540)
Compiled bootstrap-collapse.js  (1ms)  (pid 21540)
Compiled bootstrap-dropdown.js  (0ms)  (pid 21540)
Compiled bootstrap-modal.js  (0ms)  (pid 21540)
Compiled bootstrap-popover.js  (1ms)  (pid 21540)
Compiled bootstrap-scrollspy.js  (0ms)  (pid 21540)
Compiled bootstrap-tab.js  (0ms)  (pid 21540)
Compiled bootstrap-tooltip.js  (0ms)  (pid 21540)
Compiled bootstrap-transition.js  (0ms)  (pid 21540)
Compiled bootstrap-typeahead.js  (1ms)  (pid 21540)
Compiled main.js  (0ms)  (pid 21540)
Compiled prettyCheckable.js  (0ms)  (pid 21540)
Compiled script.js  (0ms)  (pid 21540)
Compiled sessions.js  (173ms)  (pid 21540)
Compiled users.js  (165ms)  (pid 21540)
Compiled application.js  (2334ms)  (pid 21540)
Compiled bootstrap.css  (1ms)  (pid 21540)
Compiled animate.css  (0ms)  (pid 21540)
Compiled anuncios.css  (66ms)  (pid 21540)
Compiled app.css  (0ms)  (pid 21540)
Compiled bootstrap-responsive.css  (0ms)  (pid 21540)
Compiled prettyCheckable.css  (0ms)  (pid 21540)
Compiled scaffolds.css  (1ms)  (pid 21540)
Compiled sessions.css  (2ms)  (pid 21540)
Compiled style.css  (0ms)  (pid 21540)
Compiled users.css  (1ms)  (pid 21540)
Compiled application.css  (601ms)  (pid 21540)
Compiled jquery.js  (3ms)  (pid 21540)
Compiled jquery_ujs.js  (0ms)  (pid 21540)
Compiled anuncios.js  (495ms)  (pid 21540)
Compiled bootstrap-alert.js  (1ms)  (pid 21540)
Compiled bootstrap-button.js  (0ms)  (pid 21540)
Compiled bootstrap-carousel.js  (0ms)  (pid 21540)
Compiled bootstrap-collapse.js  (0ms)  (pid 21540)
Compiled bootstrap-dropdown.js  (0ms)  (pid 21540)
Compiled bootstrap-modal.js  (0ms)  (pid 21540)
Compiled bootstrap-popover.js  (0ms)  (pid 21540)
Compiled bootstrap-scrollspy.js  (0ms)  (pid 21540)
Compiled bootstrap-tab.js  (0ms)  (pid 21540)
Compiled bootstrap-tooltip.js  (0ms)  (pid 21540)
Compiled bootstrap-transition.js  (0ms)  (pid 21540)
Compiled bootstrap-typeahead.js  (0ms)  (pid 21540)
Compiled main.js  (0ms)  (pid 21540)
Compiled prettyCheckable.js  (0ms)  (pid 21540)
Compiled script.js  (0ms)  (pid 21540)
Compiled sessions.js  (137ms)  (pid 21540)
Compiled users.js  (183ms)  (pid 21540)
Compiled application.js  (1409ms)  (pid 21540)
Compiled bootstrap.css  (1ms)  (pid 21540)
Compiled animate.css  (0ms)  (pid 21540)
Compiled anuncios.css  (55ms)  (pid 21540)
Compiled app.css  (0ms)  (pid 21540)
Compiled bootstrap-responsive.css  (0ms)  (pid 21540)
Compiled prettyCheckable.css  (0ms)  (pid 21540)
Compiled scaffolds.css  (1ms)  (pid 21540)
Compiled sessions.css  (1ms)  (pid 21540)
Compiled style.css  (0ms)  (pid 21540)
Compiled users.css  (2ms)  (pid 21540)
Compiled application.css  (195ms)  (pid 21540)
